Content overflows the viewport of an fo:block-container in inline-progression direction by 23521 millipoints. (See position 838:3617)
PDF isn't valid PDF/UA-1:
ValidationResult [flavour=ua1, totalAssertions=220240, assertions=[
TestAssertion [ruleId=RuleId [specification=ISO 14289-1:2014, clause=7.2, testNumber=26], status=failed,
message=TOCI element should be contained in TOC element,
location=Location [level=CosDocument, context=root/document[0]/StructTreeRoot[0](4 0 obj PDStructTreeRoot)/K[0](58 0 obj SEDocument Document)/K[2](181 0 obj SEPart Part)/K[0](1986 0 obj SESect Sect)/K[1](4652 0 obj SEDiv Div)/K[0](4707 0 obj SEDiv Div)/K[3](2442 0 obj SETOCI TOCI)], locationContext=null, errorMessage=null], 
TestAssertion [ruleId=RuleId [specification=ISO 14289-1:2014, clause=7.2, testNumber=26], status=failed,
message=TOCI element should be contained in TOC element,
location=Location [level=CosDocument, context=root/document[0]/StructTreeRoot[0](4 0 obj PDStructTreeRoot)/K[0](58 0 obj SEDocument Document)/K[2](181 0 obj SEPart Part)/K[0](1986 0 obj SESect Sect)/K[1](4652 0 obj SEDiv Div)/K[0](4707 0 obj SEDiv Div)/K[4](2447 0 obj SETOCI TOCI)], locationContext=null, errorMessage=null], 
TestAssertion [ruleId=RuleId [specification=ISO 14289-1:2014, clause=7.2, testNumber=26], status=failed,
message=TOCI element should be contained in TOC element,
location=Location [level=CosDocument, context=root/document[0]/StructTreeRoot[0](4 0 obj PDStructTreeRoot)/K[0](58 0 obj SEDocument Document)/K[2](181 0 obj SEPart Part)/K[0](1986 0 obj SESect Sect)/K[1](4652 0 obj SEDiv Div)/K[0](4707 0 obj SEDiv Div)/K[5](2452 0 obj SETOCI TOCI)], locationContext=null, errorMessage=null], 
TestAssertion [ruleId=RuleId [specification=ISO 14289-1:2014, clause=7.2, testNumber=26], status=failed,
message=TOCI element should be contained in TOC element,
location=Location [level=CosDocument, context=root/document[0]/StructTreeRoot[0](4 0 obj PDStructTreeRoot)/K[0](58 0 obj SEDocument Document)/K[2](181 0 obj SEPart Part)/K[0](1986 0 obj SESect Sect)/K[1](4652 0 obj SEDiv Div)/K[0](4707 0 obj SEDiv Div)/K[7](2475 0 obj SETOCI TOCI)], locationContext=null, errorMessage=null], 
TestAssertion [ruleId=RuleId [specification=ISO 14289-1:2014, clause=7.2, testNumber=26], status=failed,
message=TOCI element should be contained in TOC element,
location=Location [level=CosDocument, context=root/document[0]/StructTreeRoot[0](4 0 obj PDStructTreeRoot)/K[0](58 0 obj SEDocument Document)/K[2](181 0 obj SEPart Part)/K[0](1986 0 obj SESect Sect)/K[1](4652 0 obj SEDiv Div)/K[0](4707 0 obj SEDiv Div)/K[8](2480 0 obj SETOCI TOCI)], locationContext=null, errorMessage=null], 
TestAssertion [ruleId=RuleId [specification=ISO 14289-1:2014, clause=7.2, testNumber=26], status=failed,
message=TOCI element should be contained in TOC element,
location=Location [level=CosDocument, context=root/document[0]/StructTreeRoot[0](4 0 obj PDStructTreeRoot)/K[0](58 0 obj SEDocument Document)/K[2](181 0 obj SEPart Part)/K[0](1986 0 obj SESect Sect)/K[1](4652 0 obj SEDiv Div)/K[0](4707 0 obj SEDiv Div)/K[9](2485 0 obj SETOCI TOCI)], locationContext=null, errorMessage=null], 
TestAssertion [ruleId=RuleId [specification=ISO 14289-1:2014, clause=7.2, testNumber=26], status=failed,
message=TOCI element should be contained in TOC element,
location=Location [level=CosDocument, context=root/document[0]/StructTreeRoot[0](4 0 obj PDStructTreeRoot)/K[0](58 0 obj SEDocument Document)/K[2](181 0 obj SEPart Part)/K[0](1986 0 obj SESect Sect)/K[1](4652 0 obj SEDiv Div)/K[0](4707 0 obj SEDiv Div)/K[10](2490 0 obj SETOCI TOCI)], locationContext=null, errorMessage=null], 
TestAssertion [ruleId=RuleId [specification=ISO 14289-1:2014, clause=7.2, testNumber=26], status=failed,
message=TOCI element should be contained in TOC element,
location=Location [level=CosDocument, context=root/document[0]/StructTreeRoot[0](4 0 obj PDStructTreeRoot)/K[0](58 0 obj SEDocument Document)/K[2](181 0 obj SEPart Part)/K[0](1986 0 obj SESect Sect)/K[1](4652 0 obj SEDiv Div)/K[0](4707 0 obj SEDiv Div)/K[11](2495 0 obj SETOCI TOCI)], locationContext=null, errorMessage=null], 
TestAssertion [ruleId=RuleId [specification=ISO 14289-1:2014, clause=7.2, testNumber=26], status=failed,
message=TOCI element should be contained in TOC element,
location=Location [level=CosDocument, context=root/document[0]/StructTreeRoot[0](4 0 obj PDStructTreeRoot)/K[0](58 0 obj SEDocument Document)/K[2](181 0 obj SEPart Part)/K[0](1986 0 obj SESect Sect)/K[1](4652 0 obj SEDiv Div)/K[0](4707 0 obj SEDiv Div)/K[13](2526 0 obj SETOCI TOCI)], locationContext=null, errorMessage=null]], isCompliant=false]
